<?xml version="1.0" encoding="UTF-8"?>
<testng-results skipped="0" failed="0" ignored="0" total="1" passed="1">
  <reporter-output>
  </reporter-output>
  <suite name="Surefire suite" duration-ms="79" started-at="2019-11-29T03:03:15 IST" finished-at="2019-11-29T03:03:15 IST">
    <groups>
    </groups>
    <test name="Surefire test" duration-ms="79" started-at="2019-11-29T03:03:15 IST" finished-at="2019-11-29T03:03:15 IST">
      <class name="CucumberSelenium.CucumberSelenium.AppTest">
        <test-method status="PASS" signature="shouldAnswerWithTrue()" name="shouldAnswerWithTrue" duration-ms="9" started-at="2019-11-29T03:03:15 IST" finished-at="2019-11-29T03:03:15 IST">
          <reporter-output>
          </reporter-output>
        </test-method> <!-- shouldAnswerWithTrue -->
      </class> <!-- CucumberSelenium.CucumberSelenium.AppTest -->
    </test> <!-- Surefire test -->
  </suite> <!-- Surefire suite -->
</testng-results>
